#0 building with "desktop-linux" instance using docker driver

#1 [internal] load build definition from Dockerfile.tiger21.prod
#1 transferring dockerfile: 4.78kB done
#1 DONE 0.0s

#2 [internal] load metadata for docker.io/library/node:22-alpine
#2 DONE 0.3s

#3 [internal] load .dockerignore
#3 transferring context: 397B done
#3 DONE 0.0s

#4 [base 1/4] FROM docker.io/library/node:22-alpine@sha256:9632533eda8061fc1e9960cfb3f8762781c07a00ee7317f5dc0e13c05e15166f
#4 DONE 0.0s

#5 [internal] load build context
#5 transferring context: 142.06kB 0.1s done
#5 DONE 0.1s

#6 [builder 11/16] COPY patches/ patches/
#6 CACHED

#7 [builder 10/16] COPY packages/tsconfig/package.json packages/tsconfig/package.json
#7 CACHED

#8 [builder  5/16] COPY apps/unsubscriber/package.json apps/unsubscriber/package.json
#8 CACHED

#9 [builder  7/16] COPY packages/resend/package.json packages/resend/package.json
#9 CACHED

#10 [builder  3/16] COPY .npmrc* ./
#10 CACHED

#11 [builder 12/16] COPY apps/web/prisma/schema.prisma apps/web/prisma/schema.prisma
#11 CACHED

#12 [builder  4/16] COPY apps/web/package.json apps/web/package.json
#12 CACHED

#13 [builder  6/16] COPY packages/loops/package.json packages/loops/package.json
#13 CACHED

#14 [builder  8/16] COPY packages/tinybird/package.json packages/tinybird/package.json
#14 CACHED

#15 [builder  2/16] COPY package.json pnpm-lock.yaml pnpm-workspace.yaml ./
#15 CACHED

#16 [base 3/4] RUN corepack enable && corepack prepare pnpm@10.19.0 --activate
#16 CACHED

#17 [base 4/4] RUN addgroup -g 1001 -S nodejs &&     adduser -S nextjs -u 1001 -G nodejs
#17 CACHED

#18 [builder  1/16] WORKDIR /app
#18 CACHED

#19 [builder  9/16] COPY packages/tinybird-ai-analytics/package.json packages/tinybird-ai-analytics/package.json
#19 CACHED

#20 [base 2/4] RUN apk update &&     apk upgrade &&     apk add --no-cache         openssl         ca-certificates         dumb-init         curl         wget &&     rm -rf /var/cache/apk/*
#20 CACHED

#21 [builder 13/16] RUN --mount=type=cache,id=pnpm,target=/root/.local/share/pnpm/store     pnpm install --frozen-lockfile
#21 CACHED

#22 [builder 14/16] COPY . .
#22 DONE 0.1s

#23 [builder 15/16] RUN pnpm --filter=inbox-zero-ai exec -- prisma generate
#23 1.949 Prisma schema loaded from prisma/schema.prisma
#23 2.624 Warning: You did not specify an output path for your `generator` in schema.prisma. This behavior is deprecated and will no longer be supported in Prisma 7.0.0. To learn more visit https://pris.ly/cli/output-path
#23 3.118 
#23 3.118 ✔ Generated Prisma Client (v6.6.0) to ./../../node_modules/.pnpm/@prisma+client@6.6.0_prisma@6.6.0_typescript@5.9.3__typescript@5.9.3/node_modules/@prisma/client in 357ms
#23 3.118 
#23 3.118 Start by importing your Prisma Client (See: https://pris.ly/d/importing-client)
#23 3.118 
#23 3.118 Help us improve the Prisma ORM for everyone. Share your feedback in a short 2-min survey: https://pris.ly/orm/survey/release-5-22
#23 3.118 
#23 DONE 3.2s

#24 [builder 16/16] RUN pnpm --filter=inbox-zero-ai exec -- next build
#24 2.888 Attention: Next.js now collects completely anonymous telemetry regarding usage.
#24 2.889 This information is used to shape Next.js' roadmap and prioritize features.
#24 2.889 You can learn more, including how to opt-out if you'd not like to participate in this anonymous program, by visiting the following URL:
#24 2.889 https://nextjs.org/telemetry
#24 2.889 
#24 2.972    ▲ Next.js 15.5.7
#24 2.972    - Environments: .env.local, .env.production
#24 2.972 
#24 3.213    Creating an optimized production build ...
#24 3.539  ✓ (serwist) Bundling the service worker script with the URL '/sw.js' and the scope '/'...
